[06-06-2025 04-10-18] 21 root - INFO - Data Ingestion start
[06-06-2025 04-10-18] 24 root - INFO - read the data from stud.csv
[06-06-2025 04-10-18] 27 root - INFO - Raw Data File Completed
[06-06-2025 04-10-18] 28 root - INFO - Train Test Split Initiated
[06-06-2025 04-10-18] 32 root - INFO - Train Test Split Completed
[06-06-2025 04-10-18] 21 root - INFO - Data Ingestion start
[06-06-2025 04-10-18] 24 root - INFO - read the data from stud.csv
[06-06-2025 04-10-18] 27 root - INFO - Raw Data File Completed
[06-06-2025 04-10-18] 28 root - INFO - Train Test Split Initiated
[06-06-2025 04-10-18] 32 root - INFO - Train Test Split Completed
[06-06-2025 04-10-18] 58 root - INFO - Data transformation initiated
[06-06-2025 04-10-18] 36 root - INFO - Column Transformer initiated
[06-06-2025 04-10-18] 43 root - INFO - Column Transformer Created Successfully
[06-06-2025 04-10-18] 54 root - INFO - Train and test data read successfully
[06-06-2025 04-10-18] 55 root - INFO - Train Dataframe shape: (800, 8)
[06-06-2025 04-10-18] 56 root - INFO - Test Dataframe shape: (200, 8)
[06-06-2025 04-10-18] 36 root - INFO - Column Transformer initiated
[06-06-2025 04-10-18] 43 root - INFO - Column Transformer Created Successfully
[06-06-2025 04-10-18] 73 root - ERROR - Error in initiate data transformation: All estimators should implement fit and transform, or can be 'drop' or 'passthrough' specifiers. 'Pipeline(steps=['Imputer', SimpleImputer(strategy='median'), 'scaler',
                StandardScaler()])' (type <class 'sklearn.pipeline.Pipeline'>) doesn't.
